2023-08-31 11:32:47 --> root logged in.
2023-08-31 11:42:25 --> root logged in.
2023-08-31 12:20:36 --> root logged in.
2023-09-03 13:00:13 --> root logged in.
2023-09-03 20:16:05 --> furkan logged in.
2023-09-03 20:16:48 --> root logged in.
2023-09-03 22:10:04 --> root logged in.
2023-09-03 22:11:03 --> root logged in.
2023-09-04 18:52:30 --> root logged in.
2023-09-04 18:53:30 --> root logged in.
2023-09-08 09:20:36 --> root logged in.
2023-09-08 14:45:31 --> root logged in.
2023-09-10 13:55:34 --> root logged in.
2023-09-13 16:45:55 --> root logged in.
2023-09-13 20:41:24 --> root logged in.
2023-09-14 08:45:16 -->  registered.
2023-09-14 10:08:29 -->  registered.
2023-09-14 10:10:20 --> furkan logged in.
2023-09-14 10:10:35 --> furkan logged in.
2023-09-14 10:10:53 --> furkan logged out.
2023-09-14 10:12:40 --> furkan logged in.
2023-09-14 10:13:13 --> furkan logged in.
2023-09-14 10:13:41 --> furkan logged in.
2023-09-14 10:18:38 --> furkan logged in.
2023-09-14 10:19:02 --> furkan logged in.
2023-09-14 10:26:13 --> root logged in.
2023-09-14 10:26:47 --> furkan logged in.
2023-09-14 10:27:26 --> furkan logged in.
2023-09-14 10:31:37 --> furkan logged in.
2023-09-14 10:33:40 --> furkan logged in.
2023-09-14 10:38:18 --> furkan logged in.
2023-09-14 10:39:38 --> furkan logged in.
2023-09-14 10:54:37 --> furkan logged in.
2023-09-15 22:02:21 -->  registered.
2023-09-16 10:18:40 --> furkan logged in.
2023-09-16 21:24:01 --> furkan logged in.
2023-09-16 21:27:49 --> furkan logged in.
2023-09-17 00:04:25 --> furkan logged in.
2023-09-17 17:47:30 --> furkan logged in.
2023-09-17 17:59:29 --> furkan logged in.
2023-09-17 21:19:33 --> root logged in.
2023-09-17 21:19:36 --> root logged out.
2023-09-18 14:36:21 --> root logged in.
2023-09-18 14:37:22 --> root logged in.
2023-09-18 17:06:33 --> furkan logged in.
2023-09-19 06:20:06 --> tmpuser logged in.
2023-09-19 18:50:49 --> furkan logged in.
2023-09-19 19:03:44 --> furkan logged in.
2023-09-19 19:03:53 --> furkan logged out.
2023-09-19 20:47:33 --> tmpuser logged in.
2023-09-19 20:48:19 --> tmpuser logged in.
2023-09-19 21:12:01 --> tmpuser logged in.
2023-09-21 17:40:03 --> furkan logged in.
2023-09-24 00:19:43 --> furkan logged in.
2023-09-24 00:23:32 --> furkan logged in.
2023-09-24 00:23:40 --> furkan logged in.
2023-09-24 00:23:49 --> furkan logged out.
2023-09-24 00:24:03 --> furkan logged in.
2023-09-24 00:24:52 --> furkan logged in.
2023-09-24 00:25:50 --> furkan logged in.
2023-09-24 00:27:35 --> furkan logged in.
2023-09-24 00:27:51 --> furkan logged in.
2023-09-24 00:28:08 --> furkan logged in.
2023-09-24 00:28:23 --> furkan logged in.
2023-09-24 00:29:34 --> furkan logged in.
2023-09-24 00:29:42 --> furkan logged in.
2023-09-24 00:29:54 --> furkan logged in.
2023-09-24 00:30:02 --> furkan logged in.
2023-09-24 00:30:11 --> furkan logged in.
2023-09-24 00:30:36 --> furkan logged in.
2023-09-24 00:31:31 --> furkan logged in.
2023-09-24 00:31:34 --> furkan logged in.
2023-09-24 00:34:29 --> furkan logged in.
2023-09-24 00:38:20 --> furkan logged in.
2023-09-24 00:41:31 --> furkan logged in.
2023-09-24 09:19:28 --> furkan logged in.
2023-09-24 09:20:31 --> furkan logged in.
2023-09-24 09:20:34 --> furkan logged in.
2023-09-24 09:20:39 --> furkan logged in.
2023-09-24 09:20:52 --> furkan logged in.
2023-09-24 09:20:54 --> furkan logged in.
2023-09-24 09:21:24 --> furkan logged in.
2023-09-24 09:21:50 --> furkan logged in.
2023-09-24 09:22:12 --> furkan logged in.
2023-09-24 09:22:18 --> furkan logged in.
2023-09-24 09:22:29 --> furkan logged in.
2023-09-24 09:23:12 --> furkan logged in.
2023-09-24 09:23:42 --> furkan logged in.
2023-09-24 09:23:48 --> furkan logged in.
2023-09-24 09:24:45 --> furkan logged in.
2023-09-24 09:24:50 --> furkan logged in.
2023-09-24 09:24:50 --> furkan logged in.
2023-09-24 09:25:02 --> furkan logged in.
2023-09-24 09:25:02 --> furkan logged in.
2023-09-24 09:25:07 --> furkan logged in.
2023-09-24 09:25:09 --> furkan logged in.
2023-09-24 09:25:53 --> furkan logged in.
2023-09-24 09:25:59 --> furkan logged in.
2023-09-24 09:25:59 --> furkan logged in.
2023-09-24 09:26:00 --> furkan logged in.
2023-09-24 09:26:00 --> furkan logged in.
2023-09-24 09:26:00 --> furkan logged in.
2023-09-24 09:26:01 --> furkan logged in.
2023-09-24 09:26:01 --> furkan logged in.
2023-09-24 09:26:10 --> furkan logged in.
2023-09-24 09:26:10 --> furkan logged in.
2023-09-24 09:26:25 --> furkan logged in.
2023-09-24 09:26:33 --> furkan logged in.
2023-09-24 09:26:55 --> furkan logged in.
2023-09-24 09:27:00 --> furkan logged in.
2023-09-24 09:27:30 --> furkan logged in.
2023-09-24 09:27:52 --> furkan logged in.
2023-09-24 09:28:29 --> furkan logged in.
2023-09-24 09:28:37 --> furkan logged in.
2023-09-24 09:29:35 --> furkan logged in.
2023-09-24 09:29:38 --> furkan logged in.
2023-09-24 09:29:39 --> furkan logged in.
2023-09-24 09:29:51 --> furkan logged in.
2023-09-24 09:29:59 --> furkan logged in.
2023-09-24 09:30:10 --> furkan logged in.
2023-09-24 09:30:18 --> furkan logged in.
2023-09-24 09:32:42 --> furkan logged out.
2023-09-24 09:32:58 --> furkan logged in.
2023-09-24 09:42:36 --> furkan logged in.
2023-09-24 09:42:44 --> furkan logged in.
2023-09-24 09:42:48 --> furkan logged in.
2023-09-24 09:42:50 --> furkan logged in.
2023-09-24 09:51:28 --> furkan logged in.
2023-09-24 10:56:33 --> furkan logged in.
